This is pdfTeX, Version 3.141592653-2.6-1.40.23 (TeX Live 2021/Arch Linux) (preloaded format=pdflatex 2022.2.8)  10 MAR 2022 12:01
entering extended mode
 restricted \write18 enabled.
 %&-line parsing enabled.
**/home/ognjen/Documents/Fakultet/Analiza1/GitSkripta/chapters/odrint.tex
(/home/ognjen/Documents/Fakultet/Analiza1/GitSkripta/chapters/odrint.tex
LaTeX2e <2021-11-15> patch level 1
L3 programming layer <2021-11-22>
(/usr/share/texmf-dist/tex/latex/subfiles/subfiles.cls
Document Class: subfiles 2020/11/14 v2.2 Multi-file projects (class)
Preamble taken from file `../main.tex'
(/usr/share/texmf-dist/tex/latex/import/import.sty
Package: import 2020/04/01  v 6.2
)

! LaTeX Error: File `../main.tex' not found.

Type X to quit or <RETURN> to proceed,
or enter new name. (Default extension: tex)

Enter file name: 
! Emergency stop.
<read *> 
         
l.45 \input{\preamble@file}
                           ^^M
End of file on the terminal!

 
Here is how much of TeX's memory you used:
 84 strings out of 478353
 2002 string characters out of 5854636
 297361 words of memory out of 5000000
 18298 multiletter control sequences out of 15000+600000
 403430 words of font info for 27 fonts, out of 8000000 for 9000
 1141 hyphenation exceptions out of 8191
 40i,0n,48p,205b,18s stack positions out of 5000i,500n,10000p,200000b,80000s
!  ==> Fatal error occurred, no output PDF file produced!
